<?xml version="1.0" encoding="utf-8" standalone="yes"?>
<CoverageSession xmlns:xsd="http://www.w3.org/2001/XMLSchema" xmlns:xsi="http://www.w3.org/2001/XMLSchema-instance">
  <Summary numSequencePoints="100" visitedSequencePoints="91" numBranchPoints="39" visitedBranchPoints="21" sequenceCoverage="91" branchCoverage="53.85" maxCyclomaticComplexity="8" minCyclomaticComplexity="1" visitedClasses="12" numClasses="12" visitedMethods="19" numMethods="21" minCrapScore="1" maxCrapScore="8" />
  <Modules>
    <Module skippedDueTo="Filter" hash="9D-E3-65-0D-B9-4A-A5-FE-82-F8-C0-4A-71-9F-13-71-79-F5-00-59">
      <ModulePath>E:\Poligon\github\OOMetrics\Helper\OOMertics.Helper.Tests\bin\Debug\net6.0\xunit.runner.utility.netcoreapp10.dll</ModulePath>
      <ModuleTime>2018-10-29T04:17:10Z</ModuleTime>
      <ModuleName>xunit.runner.utility.netcoreapp10</ModuleName>
      <Classes />
    </Module>
    <Module skippedDueTo="Filter" hash="04-8A-E8-86-D2-B9-0C-14-B0-FB-AC-8F-85-2A-95-37-A1-72-00-13">
      <ModulePath>E:\Poligon\github\OOMetrics\Helper\OOMertics.Helper.Tests\bin\Debug\net6.0\xunit.core.dll</ModulePath>
      <ModuleTime>2018-10-29T04:16:58Z</ModuleTime>
      <ModuleName>xunit.core</ModuleName>
      <Classes />
    </Module>
    <Module skippedDueTo="Filter" hash="B8-F5-F3-D5-06-36-35-76-5B-E0-BE-AB-80-32-9A-0C-1D-A8-76-19">
      <ModulePath>E:\Poligon\github\OOMetrics\Helper\OOMertics.Helper.Tests\bin\Debug\net6.0\xunit.assert.dll</ModulePath>
      <ModuleTime>2018-10-29T04:16:52Z</ModuleTime>
      <ModuleName>xunit.assert</ModuleName>
      <Classes />
    </Module>
    <Module hash="E2-8F-82-F2-B0-AF-FC-CF-F3-F7-95-A6-E4-31-73-D5-8A-58-C4-54">
      <Summary numSequencePoints="100" visitedSequencePoints="91" numBranchPoints="39" visitedBranchPoints="21" sequenceCoverage="91" branchCoverage="53.85" maxCyclomaticComplexity="8" minCyclomaticComplexity="1" visitedClasses="12" numClasses="12" visitedMethods="19" numMethods="21" minCrapScore="1" maxCrapScore="8" />
      <ModulePath>E:\Poligon\github\OOMetrics\Helper\OOMertics.Helper.Tests\bin\Debug\net6.0\OOMertics.Helper.dll</ModulePath>
      <ModuleTime>2022-08-07T17:46:50.5651643Z</ModuleTime>
      <ModuleName>OOMertics.Helper</ModuleName>
      <Files>
        <File uid="1" fullPath="E:\Poligon\github\OOMetrics\Helper\OOMertics.Helper\DeclarationHandler.cs" />
        <File uid="2" fullPath="E:\Poligon\github\OOMetrics\Helper\OOMertics.Helper\DocumentHandler.cs" />
        <File uid="3" fullPath="E:\Poligon\github\OOMetrics\Helper\OOMertics.Helper\ProjectHandler.cs" />
        <File uid="4" fullPath="E:\Poligon\github\OOMetrics\Helper\OOMertics.Helper\SolutionHandler.cs" />
      </Files>
      <Classes>
        <Class>
          <Summary numSequencePoints="0" visitedSequencePoints="0" numBranchPoints="0" visitedBranchPoints="0" sequenceCoverage="0" branchCoverage="0" maxCyclomaticComplexity="0" minCyclomaticComplexity="0" visitedClasses="0" numClasses="0" visitedMethods="0" numMethods="0" minCrapScore="0" maxCrapScore="0" />
          <FullName>Microsoft.CodeAnalysis.EmbeddedAttribute</FullName>
          <Methods>
            <Method visited="false" cyclomaticComplexity="1" nPathComplexity="0" sequenceCoverage="0" branchCoverage="0" isConstructor="true" isStatic="false" isGetter="false" isSetter="false" crapScore="2">
              <Summary numSequencePoints="0" visitedSequencePoints="0" numBranchPoints="0" visitedBranchPoints="0" sequenceCoverage="0" branchCoverage="0" maxCyclomaticComplexity="1" minCyclomaticComplexity="1" visitedClasses="0" numClasses="0" visitedMethods="0" numMethods="0" minCrapScore="2" maxCrapScore="2" />
              <MetadataToken>100663297</MetadataToken>
              <Name>System.Void Microsoft.CodeAnalysis.EmbeddedAttribute::.ctor()</Name>
              <SequencePoints />
              <BranchPoints />
              <MethodPoint vc="0" uspid="100663297" ordinal="0" offset="0" />
            </Method>
          </Methods>
        </Class>
        <Class>
          <Summary numSequencePoints="0" visitedSequencePoints="0" numBranchPoints="0" visitedBranchPoints="0" sequenceCoverage="0" branchCoverage="0" maxCyclomaticComplexity="0" minCyclomaticComplexity="0" visitedClasses="0" numClasses="0" visitedMethods="0" numMethods="0" minCrapScore="0" maxCrapScore="0" />
          <FullName>System.Runtime.CompilerServices.NullableAttribute</FullName>
          <Methods>
            <Method visited="false" cyclomaticComplexity="1" nPathComplexity="0" sequenceCoverage="0" branchCoverage="0" isConstructor="true" isStatic="false" isGetter="false" isSetter="false" crapScore="2">
              <Summary numSequencePoints="0" visitedSequencePoints="0" numBranchPoints="0" visitedBranchPoints="0" sequenceCoverage="0" branchCoverage="0" maxCyclomaticComplexity="1" minCyclomaticComplexity="1" visitedClasses="0" numClasses="0" visitedMethods="0" numMethods="0" minCrapScore="2" maxCrapScore="2" />
              <MetadataToken>100663298</MetadataToken>
              <Name>System.Void System.Runtime.CompilerServices.NullableAttribute::.ctor(System.Byte)</Name>
              <SequencePoints />
              <BranchPoints />
              <MethodPoint vc="0" uspid="100663298" ordinal="0" offset="0" />
            </Method>
            <Method visited="false" cyclomaticComplexity="1" nPathComplexity="0" sequenceCoverage="0" branchCoverage="0" isConstructor="true" isStatic="false" isGetter="false" isSetter="false" crapScore="2">
              <Summary numSequencePoints="0" visitedSequencePoints="0" numBranchPoints="0" visitedBranchPoints="0" sequenceCoverage="0" branchCoverage="0" maxCyclomaticComplexity="1" minCyclomaticComplexity="1" visitedClasses="0" numClasses="0" visitedMethods="0" numMethods="0" minCrapScore="2" maxCrapScore="2" />
              <MetadataToken>100663299</MetadataToken>
              <Name>System.Void System.Runtime.CompilerServices.NullableAttribute::.ctor(System.Byte[])</Name>
              <SequencePoints />
              <BranchPoints />
              <MethodPoint vc="0" uspid="100663299" ordinal="0" offset="0" />
            </Method>
          </Methods>
        </Class>
        <Class>
          <Summary numSequencePoints="0" visitedSequencePoints="0" numBranchPoints="0" visitedBranchPoints="0" sequenceCoverage="0" branchCoverage="0" maxCyclomaticComplexity="0" minCyclomaticComplexity="0" visitedClasses="0" numClasses="0" visitedMethods="0" numMethods="0" minCrapScore="0" maxCrapScore="0" />
          <FullName>System.Runtime.CompilerServices.NullableContextAttribute</FullName>
          <Methods>
            <Method visited="false" cyclomaticComplexity="1" nPathComplexity="0" sequenceCoverage="0" branchCoverage="0" isConstructor="true" isStatic="false" isGetter="false" isSetter="false" crapScore="2">
              <Summary numSequencePoints="0" visitedSequencePoints="0" numBranchPoints="0" visitedBranchPoints="0" sequenceCoverage="0" branchCoverage="0" maxCyclomaticComplexity="1" minCyclomaticComplexity="1" visitedClasses="0" numClasses="0" visitedMethods="0" numMethods="0" minCrapScore="2" maxCrapScore="2" />
              <MetadataToken>100663300</MetadataToken>
              <Name>System.Void System.Runtime.CompilerServices.NullableContextAttribute::.ctor(System.Byte)</Name>
              <SequencePoints />
              <BranchPoints />
              <MethodPoint vc="0" uspid="100663300" ordinal="0" offset="0" />
            </Method>
          </Methods>
        </Class>
        <Class>
          <Summary numSequencePoints="37" visitedSequencePoints="33" numBranchPoints="15" visitedBranchPoints="10" sequenceCoverage="89.19" branchCoverage="66.67" maxCyclomaticComplexity="6" minCyclomaticComplexity="1" visitedClasses="1" numClasses="1" visitedMethods="4" numMethods="5" minCrapScore="1" maxCrapScore="6" />
          <FullName>OOMertics.Helper.DeclarationHandler</FullName>
          <Methods>
            <Method visited="true" cyclomaticComplexity="6" nPathComplexity="10" sequenceCoverage="96" branchCoverage="90.91" isConstructor="true" isStatic="false" isGetter="false" isSetter="false" crapScore="6">
              <Summary numSequencePoints="25" visitedSequencePoints="24" numBranchPoints="11" visitedBranchPoints="10" sequenceCoverage="96" branchCoverage="90.91" maxCyclomaticComplexity="6" minCyclomaticComplexity="6" visitedClasses="0" numClasses="0" visitedMethods="1" numMethods="1" minCrapScore="6" maxCrapScore="6" />
              <MetadataToken>100663301</MetadataToken>
              <Name>System.Void OOMertics.Helper.DeclarationHandler::.ctor(Microsoft.CodeAnalysis.CSharp.Syntax.BaseTypeDeclarationSyntax,OOMertics.Helper.DocumentHandler)</Name>
              <FileRef uid="1" />
              <SequencePoints>
                <SequencePoint vc="41" uspid="24" ordinal="0" offset="0" sl="13" sc="9" el="13" ec="98" bec="0" bev="0" fileid="1" />
                <SequencePoint vc="41" uspid="23" ordinal="1" offset="11" sl="14" sc="9" el="14" ec="109" bec="0" bev="0" fileid="1" />
                <SequencePoint vc="41" uspid="22" ordinal="2" offset="18" sl="15" sc="9" el="15" ec="10" bec="0" bev="0" fileid="1" />
                <SequencePoint vc="41" uspid="21" ordinal="3" offset="19" sl="16" sc="13" el="16" ec="47" bec="0" bev="0" fileid="1" />
                <SequencePoint vc="41" uspid="20" ordinal="4" offset="26" sl="17" sc="13" el="17" ec="45" bec="0" bev="0" fileid="1" />
                <SequencePoint vc="41" uspid="19" ordinal="5" offset="33" sl="18" sc="13" el="18" ec="37" bec="10" bev="9" fileid="1" />
                <SequencePoint vc="3" uspid="18" ordinal="6" offset="110" sl="21" sc="21" el="21" ec="66" bec="0" bev="0" fileid="1" />
                <SequencePoint vc="3" uspid="17" ordinal="7" offset="137" sl="22" sc="21" el="22" ec="54" bec="0" bev="0" fileid="1" />
                <SequencePoint vc="3" uspid="16" ordinal="8" offset="144" sl="23" sc="21" el="23" ec="27" bec="0" bev="0" fileid="1" />
                <SequencePoint vc="26" uspid="15" ordinal="9" offset="151" sl="25" sc="21" el="25" ec="67" bec="0" bev="0" fileid="1" />
                <SequencePoint vc="26" uspid="14" ordinal="10" offset="178" sl="26" sc="21" el="26" ec="55" bec="0" bev="0" fileid="1" />
                <SequencePoint vc="26" uspid="13" ordinal="11" offset="185" sl="27" sc="21" el="27" ec="27" bec="0" bev="0" fileid="1" />
                <SequencePoint vc="4" uspid="12" ordinal="12" offset="192" sl="29" sc="21" el="29" ec="71" bec="0" bev="0" fileid="1" />
                <SequencePoint vc="4" uspid="11" ordinal="13" offset="219" sl="30" sc="21" el="30" ec="59" bec="0" bev="0" fileid="1" />
                <SequencePoint vc="4" uspid="10" ordinal="14" offset="226" sl="31" sc="21" el="31" ec="27" bec="0" bev="0" fileid="1" />
                <SequencePoint vc="4" uspid="9" ordinal="15" offset="230" sl="33" sc="21" el="33" ec="68" bec="0" bev="0" fileid="1" />
                <SequencePoint vc="4" uspid="8" ordinal="16" offset="257" sl="34" sc="21" el="34" ec="56" bec="0" bev="0" fileid="1" />
                <SequencePoint vc="4" uspid="7" ordinal="17" offset="264" sl="35" sc="21" el="35" ec="27" bec="0" bev="0" fileid="1" />
                <SequencePoint vc="4" uspid="6" ordinal="18" offset="268" sl="37" sc="21" el="37" ec="68" bec="0" bev="0" fileid="1" />
                <SequencePoint vc="4" uspid="5" ordinal="19" offset="296" sl="38" sc="21" el="38" ec="56" bec="0" bev="0" fileid="1" />
                <SequencePoint vc="4" uspid="4" ordinal="20" offset="303" sl="39" sc="21" el="39" ec="27" bec="0" bev="0" fileid="1" />
                <SequencePoint vc="0" uspid="3" ordinal="21" offset="305" sl="41" sc="21" el="41" ec="107" bec="0" bev="0" fileid="1" />
                <SequencePoint vc="41" uspid="2" ordinal="22" offset="355" sl="44" sc="13" el="44" ec="50" bec="0" bev="0" fileid="1" />
                <SequencePoint vc="41" uspid="1" ordinal="23" offset="362" sl="45" sc="13" el="45" ec="32" bec="0" bev="0" fileid="1" />
                <SequencePoint vc="41" uspid="0" ordinal="24" offset="369" sl="46" sc="9" el="46" ec="10" bec="0" bev="0" fileid="1" />
              </SequencePoints>
              <BranchPoints>
                <BranchPoint vc="38" uspid="0" ordinal="0" offset="49" sl="18" path="0" offsetend="51" fileid="1" />
                <BranchPoint vc="3" uspid="1" ordinal="1" offset="49" sl="18" path="1" offsetchain="108" offsetend="110" fileid="1" />
                <BranchPoint vc="12" uspid="2" ordinal="2" offset="60" sl="18" path="0" offsetend="62" fileid="1" />
                <BranchPoint vc="26" uspid="3" ordinal="3" offset="60" sl="18" path="1" offsetchain="149" offsetend="151" fileid="1" />
                <BranchPoint vc="8" uspid="4" ordinal="4" offset="71" sl="18" path="0" offsetend="73" fileid="1" />
                <BranchPoint vc="4" uspid="5" ordinal="5" offset="71" sl="18" path="1" offsetchain="190" offsetend="192" fileid="1" />
                <BranchPoint vc="4" uspid="6" ordinal="6" offset="82" sl="18" path="0" offsetend="87" fileid="1" />
                <BranchPoint vc="4" uspid="7" ordinal="7" offset="82" sl="18" path="1" offsetchain="228" offsetend="230" fileid="1" />
                <BranchPoint vc="0" uspid="8" ordinal="8" offset="98" sl="18" path="0" offsetchain="103" offsetend="305" fileid="1" />
                <BranchPoint vc="4" uspid="9" ordinal="9" offset="98" sl="18" path="1" offsetchain="266" offsetend="268" fileid="1" />
              </BranchPoints>
              <MethodPoint xsi:type="SequencePoint" vc="41" uspid="24" ordinal="0" offset="0" sl="13" sc="9" el="13" ec="98" bec="0" bev="0" fileid="1" />
            </Method>
            <Method visited="true" cyclomaticComplexity="2" nPathComplexity="0" sequenceCoverage="100" branchCoverage="0" isConstructor="false" isStatic="false" isGetter="false" isSetter="false" crapScore="2">
              <Summary numSequencePoints="7" visitedSequencePoints="7" numBranchPoints="1" visitedBranchPoints="0" sequenceCoverage="100" branchCoverage="0" maxCyclomaticComplexity="2" minCyclomaticComplexity="2" visitedClasses="0" numClasses="0" visitedMethods="1" numMethods="1" minCrapScore="2" maxCrapScore="2" />
              <MetadataToken>100663302</MetadataToken>
              <Name>System.Void OOMertics.Helper.DeclarationHandler::FindDependencies()</Name>
              <FileRef uid="1" />
              <SequencePoints>
                <SequencePoint vc="41" uspid="31" ordinal="0" offset="0" sl="48" sc="9" el="48" ec="10" bec="0" bev="0" fileid="1" />
                <SequencePoint vc="41" uspid="30" ordinal="1" offset="1" sl="49" sc="13" el="49" ec="79" bec="0" bev="0" fileid="1" />
                <SequencePoint vc="41" uspid="29" ordinal="2" offset="45" sl="50" sc="13" el="55" ec="45" bec="0" bev="0" fileid="1" />
                <SequencePoint vc="41" uspid="28" ordinal="3" offset="84" sl="57" sc="13" el="62" ec="45" bec="0" bev="0" fileid="1" />
                <SequencePoint vc="41" uspid="27" ordinal="4" offset="123" sl="64" sc="13" el="64" ec="48" bec="0" bev="0" fileid="1" />
                <SequencePoint vc="41" uspid="26" ordinal="5" offset="136" sl="65" sc="13" el="65" ec="53" bec="0" bev="0" fileid="1" />
                <SequencePoint vc="41" uspid="25" ordinal="6" offset="149" sl="66" sc="9" el="66" ec="10" bec="0" bev="0" fileid="1" />
              </SequencePoints>
              <BranchPoints />
              <MethodPoint xsi:type="SequencePoint" vc="41" uspid="31" ordinal="0" offset="0" sl="48" sc="9" el="48" ec="10" bec="0" bev="0" fileid="1" />
            </Method>
            <Method visited="false" cyclomaticComplexity="1" nPathComplexity="0" sequenceCoverage="0" branchCoverage="0" isConstructor="false" isStatic="false" isGetter="false" isSetter="false" crapScore="2">
              <Summary numSequencePoints="3" visitedSequencePoints="0" numBranchPoints="1" visitedBranchPoints="0" sequenceCoverage="0" branchCoverage="0" maxCyclomaticComplexity="1" minCyclomaticComplexity="1" visitedClasses="0" numClasses="0" visitedMethods="0" numMethods="1" minCrapScore="2" maxCrapScore="2" />
              <MetadataToken>100663303</MetadataToken>
              <Name>System.String OOMertics.Helper.DeclarationHandler::ToString()</Name>
              <FileRef uid="1" />
              <SequencePoints>
                <SequencePoint vc="0" uspid="34" ordinal="0" offset="0" sl="68" sc="9" el="68" ec="10" bec="0" bev="0" fileid="1" />
                <SequencePoint vc="0" uspid="33" ordinal="1" offset="1" sl="69" sc="13" el="69" ec="38" bec="0" bev="0" fileid="1" />
                <SequencePoint vc="0" uspid="32" ordinal="2" offset="74" sl="70" sc="9" el="70" ec="10" bec="0" bev="0" fileid="1" />
              </SequencePoints>
              <BranchPoints />
              <MethodPoint xsi:type="SequencePoint" vc="0" uspid="34" ordinal="0" offset="0" sl="68" sc="9" el="68" ec="10" bec="0" bev="0" fileid="1" />
            </Method>
            <Method visited="true" cyclomaticComplexity="1" nPathComplexity="0" sequenceCoverage="100" branchCoverage="0" isConstructor="false" isStatic="false" isGetter="false" isSetter="false" crapScore="1">
              <Summary numSequencePoints="1" visitedSequencePoints="1" numBranchPoints="1" visitedBranchPoints="0" sequenceCoverage="100" branchCoverage="0" maxCyclomaticComplexity="1" minCyclomaticComplexity="1" visitedClasses="0" numClasses="0" visitedMethods="1" numMethods="1" minCrapScore="1" maxCrapScore="1" />
              <MetadataToken>100663304</MetadataToken>
              <Name>Microsoft.CodeAnalysis.ISymbol OOMertics.Helper.DeclarationHandler::&lt;FindDependencies&gt;b__6_1(Microsoft.CodeAnalysis.CSharp.Syntax.IdentifierNameSyntax)</Name>
              <FileRef uid="1" />
              <SequencePoints>
                <SequencePoint vc="457" uspid="35" ordinal="0" offset="0" sl="52" sc="32" el="52" ec="86" bec="0" bev="0" fileid="1" />
              </SequencePoints>
              <BranchPoints />
              <MethodPoint xsi:type="SequencePoint" vc="457" uspid="35" ordinal="0" offset="0" sl="52" sc="32" el="52" ec="86" bec="0" bev="0" fileid="1" />
            </Method>
            <Method visited="true" cyclomaticComplexity="1" nPathComplexity="0" sequenceCoverage="100" branchCoverage="0" isConstructor="false" isStatic="false" isGetter="false" isSetter="false" crapScore="1">
              <Summary numSequencePoints="1" visitedSequencePoints="1" numBranchPoints="1" visitedBranchPoints="0" sequenceCoverage="100" branchCoverage="0" maxCyclomaticComplexity="1" minCyclomaticComplexity="1" visitedClasses="0" numClasses="0" visitedMethods="1" numMethods="1" minCrapScore="1" maxCrapScore="1" />
              <MetadataToken>100663305</MetadataToken>
              <Name>Microsoft.CodeAnalysis.ITypeSymbol OOMertics.Helper.DeclarationHandler::&lt;FindDependencies&gt;b__6_2(Microsoft.CodeAnalysis.CSharp.Syntax.ExpressionSyntax)</Name>
              <FileRef uid="1" />
              <SequencePoints>
                <SequencePoint vc="961" uspid="36" ordinal="0" offset="0" sl="59" sc="31" el="59" ec="80" bec="0" bev="0" fileid="1" />
              </SequencePoints>
              <BranchPoints />
              <MethodPoint xsi:type="SequencePoint" vc="961" uspid="36" ordinal="0" offset="0" sl="59" sc="31" el="59" ec="80" bec="0" bev="0" fileid="1" />
            </Method>
          </Methods>
        </Class>
        <Class>
          <Summary numSequencePoints="1" visitedSequencePoints="1" numBranchPoints="1" visitedBranchPoints="0" sequenceCoverage="100" branchCoverage="0" maxCyclomaticComplexity="1" minCyclomaticComplexity="1" visitedClasses="1" numClasses="1" visitedMethods="1" numMethods="1" minCrapScore="1" maxCrapScore="1" />
          <FullName>OOMertics.Helper.DeclarationHandler/&lt;&gt;c</FullName>
          <Methods>
            <Method visited="true" cyclomaticComplexity="1" nPathComplexity="0" sequenceCoverage="100" branchCoverage="0" isConstructor="false" isStatic="false" isGetter="false" isSetter="false" crapScore="1">
              <Summary numSequencePoints="1" visitedSequencePoints="1" numBranchPoints="1" visitedBranchPoints="0" sequenceCoverage="100" branchCoverage="0" maxCyclomaticComplexity="1" minCyclomaticComplexity="1" visitedClasses="0" numClasses="0" visitedMethods="1" numMethods="1" minCrapScore="1" maxCrapScore="1" />
              <MetadataToken>100663319</MetadataToken>
              <Name>System.Boolean OOMertics.Helper.DeclarationHandler/&lt;&gt;c::&lt;FindDependencies&gt;b__6_0(Microsoft.CodeAnalysis.SyntaxNode)</Name>
              <FileRef uid="1" />
              <SequencePoints>
                <SequencePoint vc="3868" uspid="37" ordinal="0" offset="0" sl="49" sc="73" el="49" ec="77" bec="0" bev="0" fileid="1" />
              </SequencePoints>
              <BranchPoints />
              <MethodPoint xsi:type="SequencePoint" vc="3868" uspid="37" ordinal="0" offset="0" sl="49" sc="73" el="49" ec="77" bec="0" bev="0" fileid="1" />
            </Method>
          </Methods>
        </Class>
        <Class>
          <Summary numSequencePoints="14" visitedSequencePoints="14" numBranchPoints="4" visitedBranchPoints="0" sequenceCoverage="100" branchCoverage="0" maxCyclomaticComplexity="2" minCyclomaticComplexity="1" visitedClasses="1" numClasses="1" visitedMethods="4" numMethods="4" minCrapScore="1" maxCrapScore="2" />
          <FullName>OOMertics.Helper.DocumentHandler</FullName>
          <Methods>
            <Method visited="true" cyclomaticComplexity="1" nPathComplexity="0" sequenceCoverage="100" branchCoverage="0" isConstructor="true" isStatic="false" isGetter="false" isSetter="false" crapScore="1">
              <Summary numSequencePoints="6" visitedSequencePoints="6" numBranchPoints="1" visitedBranchPoints="0" sequenceCoverage="100" branchCoverage="0" maxCyclomaticComplexity="1" minCyclomaticComplexity="1" visitedClasses="0" numClasses="0" visitedMethods="1" numMethods="1" minCrapScore="1" maxCrapScore="1" />
              <MetadataToken>100663306</MetadataToken>
              <Name>System.Void OOMertics.Helper.DocumentHandler::.ctor(Microsoft.CodeAnalysis.SemanticModel,Microsoft.CodeAnalysis.Document)</Name>
              <FileRef uid="2" />
              <SequencePoints>
                <SequencePoint vc="37" uspid="43" ordinal="0" offset="0" sl="11" sc="9" el="11" ec="80" bec="0" bev="0" fileid="2" />
                <SequencePoint vc="37" uspid="42" ordinal="1" offset="7" sl="12" sc="9" el="12" ec="10" bec="0" bev="0" fileid="2" />
                <SequencePoint vc="37" uspid="41" ordinal="2" offset="8" sl="13" sc="13" el="13" ec="43" bec="0" bev="0" fileid="2" />
                <SequencePoint vc="37" uspid="40" ordinal="3" offset="15" sl="14" sc="13" el="14" ec="33" bec="0" bev="0" fileid="2" />
                <SequencePoint vc="37" uspid="39" ordinal="4" offset="22" sl="15" sc="13" el="15" ec="49" bec="0" bev="0" fileid="2" />
                <SequencePoint vc="37" uspid="38" ordinal="5" offset="34" sl="16" sc="9" el="16" ec="10" bec="0" bev="0" fileid="2" />
              </SequencePoints>
              <BranchPoints />
              <MethodPoint xsi:type="SequencePoint" vc="37" uspid="43" ordinal="0" offset="0" sl="11" sc="9" el="11" ec="80" bec="0" bev="0" fileid="2" />
            </Method>
            <Method visited="true" cyclomaticComplexity="1" nPathComplexity="0" sequenceCoverage="0" branchCoverage="0" isConstructor="false" isStatic="true" isGetter="false" isSetter="false" crapScore="1">
              <Summary numSequencePoints="0" visitedSequencePoints="0" numBranchPoints="0" visitedBranchPoints="0" sequenceCoverage="0" branchCoverage="0" maxCyclomaticComplexity="1" minCyclomaticComplexity="1" visitedClasses="0" numClasses="0" visitedMethods="0" numMethods="0" minCrapScore="1" maxCrapScore="1" />
              <MetadataToken>100663307</MetadataToken>
              <Name>System.Threading.Tasks.Task`1&lt;OOMertics.Helper.DocumentHandler&gt; OOMertics.Helper.DocumentHandler::CreateFromDocumentAsync(Microsoft.CodeAnalysis.Document)</Name>
              <SequencePoints />
              <BranchPoints />
              <MethodPoint vc="37" uspid="100663307" ordinal="0" offset="0" />
            </Method>
            <Method visited="true" cyclomaticComplexity="2" nPathComplexity="0" sequenceCoverage="100" branchCoverage="0" isConstructor="false" isStatic="false" isGetter="false" isSetter="false" crapScore="2">
              <Summary numSequencePoints="4" visitedSequencePoints="4" numBranchPoints="1" visitedBranchPoints="0" sequenceCoverage="100" branchCoverage="0" maxCyclomaticComplexity="2" minCyclomaticComplexity="2" visitedClasses="0" numClasses="0" visitedMethods="1" numMethods="1" minCrapScore="2" maxCrapScore="2" />
              <MetadataToken>100663308</MetadataToken>
              <Name>System.Collections.Generic.List`1&lt;OOMertics.Helper.DeclarationHandler&gt; OOMertics.Helper.DocumentHandler::createDeclarations()</Name>
              <FileRef uid="2" />
              <SequencePoints>
                <SequencePoint vc="37" uspid="47" ordinal="0" offset="0" sl="27" sc="9" el="27" ec="10" bec="0" bev="0" fileid="2" />
                <SequencePoint vc="37" uspid="46" ordinal="1" offset="1" sl="28" sc="13" el="28" ec="93" bec="0" bev="0" fileid="2" />
                <SequencePoint vc="37" uspid="45" ordinal="2" offset="64" sl="29" sc="13" el="29" ec="128" bec="0" bev="0" fileid="2" />
                <SequencePoint vc="37" uspid="44" ordinal="3" offset="95" sl="30" sc="9" el="30" ec="10" bec="0" bev="0" fileid="2" />
              </SequencePoints>
              <BranchPoints />
              <MethodPoint xsi:type="SequencePoint" vc="37" uspid="47" ordinal="0" offset="0" sl="27" sc="9" el="27" ec="10" bec="0" bev="0" fileid="2" />
            </Method>
            <Method visited="true" cyclomaticComplexity="1" nPathComplexity="0" sequenceCoverage="100" branchCoverage="0" isConstructor="false" isStatic="false" isGetter="false" isSetter="false" crapScore="1">
              <Summary numSequencePoints="3" visitedSequencePoints="3" numBranchPoints="1" visitedBranchPoints="0" sequenceCoverage="100" branchCoverage="0" maxCyclomaticComplexity="1" minCyclomaticComplexity="1" visitedClasses="0" numClasses="0" visitedMethods="1" numMethods="1" minCrapScore="1" maxCrapScore="1" />
              <MetadataToken>100663309</MetadataToken>
              <Name>System.String OOMertics.Helper.DocumentHandler::ToString()</Name>
              <FileRef uid="2" />
              <SequencePoints>
                <SequencePoint vc="1" uspid="50" ordinal="0" offset="0" sl="32" sc="9" el="32" ec="10" bec="0" bev="0" fileid="2" />
                <SequencePoint vc="1" uspid="49" ordinal="1" offset="1" sl="33" sc="13" el="33" ec="34" bec="0" bev="0" fileid="2" />
                <SequencePoint vc="1" uspid="48" ordinal="2" offset="15" sl="34" sc="9" el="34" ec="10" bec="0" bev="0" fileid="2" />
              </SequencePoints>
              <BranchPoints />
              <MethodPoint xsi:type="SequencePoint" vc="1" uspid="50" ordinal="0" offset="0" sl="32" sc="9" el="32" ec="10" bec="0" bev="0" fileid="2" />
            </Method>
            <Method visited="true" cyclomaticComplexity="1" nPathComplexity="0" sequenceCoverage="100" branchCoverage="0" isConstructor="false" isStatic="false" isGetter="false" isSetter="false" crapScore="1">
              <Summary numSequencePoints="1" visitedSequencePoints="1" numBranchPoints="1" visitedBranchPoints="0" sequenceCoverage="100" branchCoverage="0" maxCyclomaticComplexity="1" minCyclomaticComplexity="1" visitedClasses="0" numClasses="0" visitedMethods="1" numMethods="1" minCrapScore="1" maxCrapScore="1" />
              <MetadataToken>100663310</MetadataToken>
              <Name>OOMertics.Helper.DeclarationHandler OOMertics.Helper.DocumentHandler::&lt;createDeclarations&gt;b__5_1(Microsoft.CodeAnalysis.CSharp.Syntax.BaseTypeDeclarationSyntax)</Name>
              <FileRef uid="2" />
              <SequencePoints>
                <SequencePoint vc="41" uspid="51" ordinal="0" offset="0" sl="29" sc="83" el="29" ec="117" bec="0" bev="0" fileid="2" />
              </SequencePoints>
              <BranchPoints />
              <MethodPoint xsi:type="SequencePoint" vc="41" uspid="51" ordinal="0" offset="0" sl="29" sc="83" el="29" ec="117" bec="0" bev="0" fileid="2" />
            </Method>
          </Methods>
        </Class>
        <Class>
          <Summary numSequencePoints="1" visitedSequencePoints="1" numBranchPoints="1" visitedBranchPoints="0" sequenceCoverage="100" branchCoverage="0" maxCyclomaticComplexity="1" minCyclomaticComplexity="1" visitedClasses="1" numClasses="1" visitedMethods="1" numMethods="1" minCrapScore="1" maxCrapScore="1" />
          <FullName>OOMertics.Helper.DocumentHandler/&lt;&gt;c</FullName>
          <Methods>
            <Method visited="true" cyclomaticComplexity="1" nPathComplexity="0" sequenceCoverage="100" branchCoverage="0" isConstructor="false" isStatic="false" isGetter="false" isSetter="false" crapScore="1">
              <Summary numSequencePoints="1" visitedSequencePoints="1" numBranchPoints="1" visitedBranchPoints="0" sequenceCoverage="100" branchCoverage="0" maxCyclomaticComplexity="1" minCyclomaticComplexity="1" visitedClasses="0" numClasses="0" visitedMethods="1" numMethods="1" minCrapScore="1" maxCrapScore="1" />
              <MetadataToken>100663322</MetadataToken>
              <Name>System.Boolean OOMertics.Helper.DocumentHandler/&lt;&gt;c::&lt;createDeclarations&gt;b__5_0(Microsoft.CodeAnalysis.SyntaxNode)</Name>
              <FileRef uid="2" />
              <SequencePoints>
                <SequencePoint vc="2465" uspid="52" ordinal="0" offset="0" sl="28" sc="87" el="28" ec="91" bec="0" bev="0" fileid="2" />
              </SequencePoints>
              <BranchPoints />
              <MethodPoint xsi:type="SequencePoint" vc="2465" uspid="52" ordinal="0" offset="0" sl="28" sc="87" el="28" ec="91" bec="0" bev="0" fileid="2" />
            </Method>
          </Methods>
        </Class>
        <Class>
          <Summary numSequencePoints="6" visitedSequencePoints="4" numBranchPoints="3" visitedBranchPoints="2" sequenceCoverage="66.67" branchCoverage="66.67" maxCyclomaticComplexity="4" minCyclomaticComplexity="1" visitedClasses="1" numClasses="1" visitedMethods="1" numMethods="1" minCrapScore="4.59" maxCrapScore="4.59" />
          <FullName>OOMertics.Helper.DocumentHandler/&lt;CreateFromDocumentAsync&gt;d__4</FullName>
          <Methods>
            <Method visited="true" cyclomaticComplexity="4" nPathComplexity="2" sequenceCoverage="66.67" branchCoverage="66.67" isConstructor="false" isStatic="false" isGetter="false" isSetter="false" crapScore="4.59">
              <Summary numSequencePoints="6" visitedSequencePoints="4" numBranchPoints="3" visitedBranchPoints="2" sequenceCoverage="66.67" branchCoverage="66.67" maxCyclomaticComplexity="4" minCyclomaticComplexity="4" visitedClasses="0" numClasses="0" visitedMethods="1" numMethods="1" minCrapScore="4.59" maxCrapScore="4.59" />
              <MetadataToken>100663324</MetadataToken>
              <Name>System.Void OOMertics.Helper.DocumentHandler/&lt;CreateFromDocumentAsync&gt;d__4::MoveNext()</Name>
              <FileRef uid="2" />
              <SequencePoints>
                <SequencePoint vc="37" uspid="58" ordinal="0" offset="14" sl="18" sc="9" el="18" ec="10" bec="0" bev="0" fileid="2" />
                <SequencePoint vc="37" uspid="57" ordinal="1" offset="15" sl="19" sc="13" el="19" ec="46" bec="2" bev="1" fileid="2" />
                <SequencePoint vc="0" uspid="56" ordinal="2" offset="33" sl="20" sc="13" el="20" ec="14" bec="0" bev="0" fileid="2" />
                <SequencePoint vc="0" uspid="55" ordinal="3" offset="34" sl="21" sc="17" el="21" ec="104" bec="0" bev="0" fileid="2" />
                <SequencePoint vc="37" uspid="54" ordinal="4" offset="66" sl="24" sc="13" el="24" ec="90" bec="0" bev="0" fileid="2" />
                <SequencePoint vc="37" uspid="53" ordinal="5" offset="226" sl="25" sc="9" el="25" ec="10" bec="0" bev="0" fileid="2" />
              </SequencePoints>
              <BranchPoints>
                <BranchPoint vc="0" uspid="10" ordinal="0" offset="31" sl="19" path="0" offsetend="33" fileid="2" />
                <BranchPoint vc="37" uspid="11" ordinal="1" offset="31" sl="19" path="1" offsetend="66" fileid="2" />
              </BranchPoints>
              <MethodPoint xsi:type="SequencePoint" vc="37" uspid="58" ordinal="0" offset="14" sl="18" sc="9" el="18" ec="10" bec="0" bev="0" fileid="2" />
            </Method>
            <Method visited="false" cyclomaticComplexity="1" nPathComplexity="0" sequenceCoverage="0" branchCoverage="0" isConstructor="false" isStatic="false" isGetter="false" isSetter="false" crapScore="2">
              <Summary numSequencePoints="0" visitedSequencePoints="0" numBranchPoints="0" visitedBranchPoints="0" sequenceCoverage="0" branchCoverage="0" maxCyclomaticComplexity="1" minCyclomaticComplexity="1" visitedClasses="0" numClasses="0" visitedMethods="0" numMethods="0" minCrapScore="2" maxCrapScore="2" />
              <MetadataToken>100663325</MetadataToken>
              <Name>System.Void OOMertics.Helper.DocumentHandler/&lt;CreateFromDocumentAsync&gt;d__4::SetStateMachine(System.Runtime.CompilerServices.IAsyncStateMachine)</Name>
              <SequencePoints />
              <BranchPoints />
              <MethodPoint vc="0" uspid="100663325" ordinal="0" offset="0" />
            </Method>
          </Methods>
        </Class>
        <Class>
          <Summary numSequencePoints="9" visitedSequencePoints="6" numBranchPoints="2" visitedBranchPoints="0" sequenceCoverage="66.67" branchCoverage="0" maxCyclomaticComplexity="1" minCyclomaticComplexity="1" visitedClasses="1" numClasses="1" visitedMethods="1" numMethods="2" minCrapScore="1" maxCrapScore="2" />
          <FullName>OOMertics.Helper.ProjectHandler</FullName>
          <Methods>
            <Method visited="true" cyclomaticComplexity="1" nPathComplexity="0" sequenceCoverage="100" branchCoverage="0" isConstructor="true" isStatic="false" isGetter="false" isSetter="false" crapScore="1">
              <Summary numSequencePoints="6" visitedSequencePoints="6" numBranchPoints="1" visitedBranchPoints="0" sequenceCoverage="100" branchCoverage="0" maxCyclomaticComplexity="1" minCyclomaticComplexity="1" visitedClasses="0" numClasses="0" visitedMethods="1" numMethods="1" minCrapScore="1" maxCrapScore="1" />
              <MetadataToken>100663311</MetadataToken>
              <Name>System.Void OOMertics.Helper.ProjectHandler::.ctor(Microsoft.CodeAnalysis.Project,System.Collections.Generic.List`1&lt;OOMertics.Helper.DocumentHandler&gt;)</Name>
              <FileRef uid="3" />
              <SequencePoints>
                <SequencePoint vc="8" uspid="64" ordinal="0" offset="0" sl="12" sc="9" el="12" ec="81" bec="0" bev="0" fileid="3" />
                <SequencePoint vc="8" uspid="63" ordinal="1" offset="7" sl="13" sc="9" el="13" ec="10" bec="0" bev="0" fileid="3" />
                <SequencePoint vc="8" uspid="62" ordinal="2" offset="8" sl="14" sc="13" el="14" ec="31" bec="0" bev="0" fileid="3" />
                <SequencePoint vc="8" uspid="61" ordinal="3" offset="15" sl="15" sc="13" el="15" ec="49" bec="0" bev="0" fileid="3" />
                <SequencePoint vc="8" uspid="60" ordinal="4" offset="27" sl="16" sc="13" el="16" ec="35" bec="0" bev="0" fileid="3" />
                <SequencePoint vc="8" uspid="59" ordinal="5" offset="34" sl="17" sc="9" el="17" ec="10" bec="0" bev="0" fileid="3" />
              </SequencePoints>
              <BranchPoints />
              <MethodPoint xsi:type="SequencePoint" vc="8" uspid="64" ordinal="0" offset="0" sl="12" sc="9" el="12" ec="81" bec="0" bev="0" fileid="3" />
            </Method>
            <Method visited="true" cyclomaticComplexity="1" nPathComplexity="0" sequenceCoverage="0" branchCoverage="0" isConstructor="false" isStatic="true" isGetter="false" isSetter="false" crapScore="1">
              <Summary numSequencePoints="0" visitedSequencePoints="0" numBranchPoints="0" visitedBranchPoints="0" sequenceCoverage="0" branchCoverage="0" maxCyclomaticComplexity="1" minCyclomaticComplexity="1" visitedClasses="0" numClasses="0" visitedMethods="0" numMethods="0" minCrapScore="1" maxCrapScore="1" />
              <MetadataToken>100663312</MetadataToken>
              <Name>System.Threading.Tasks.Task`1&lt;OOMertics.Helper.ProjectHandler&gt; OOMertics.Helper.ProjectHandler::CreateFromProjectAsync(Microsoft.CodeAnalysis.Project)</Name>
              <SequencePoints />
              <BranchPoints />
              <MethodPoint vc="8" uspid="100663312" ordinal="0" offset="0" />
            </Method>
            <Method visited="false" cyclomaticComplexity="1" nPathComplexity="0" sequenceCoverage="0" branchCoverage="0" isConstructor="false" isStatic="false" isGetter="false" isSetter="false" crapScore="2">
              <Summary numSequencePoints="3" visitedSequencePoints="0" numBranchPoints="1" visitedBranchPoints="0" sequenceCoverage="0" branchCoverage="0" maxCyclomaticComplexity="1" minCyclomaticComplexity="1" visitedClasses="0" numClasses="0" visitedMethods="0" numMethods="1" minCrapScore="2" maxCrapScore="2" />
              <MetadataToken>100663313</MetadataToken>
              <Name>System.String OOMertics.Helper.ProjectHandler::ToString()</Name>
              <FileRef uid="3" />
              <SequencePoints>
                <SequencePoint vc="0" uspid="67" ordinal="0" offset="0" sl="28" sc="9" el="28" ec="10" bec="0" bev="0" fileid="3" />
                <SequencePoint vc="0" uspid="66" ordinal="1" offset="1" sl="29" sc="13" el="29" ec="33" bec="0" bev="0" fileid="3" />
                <SequencePoint vc="0" uspid="65" ordinal="2" offset="10" sl="30" sc="9" el="30" ec="10" bec="0" bev="0" fileid="3" />
              </SequencePoints>
              <BranchPoints />
              <MethodPoint xsi:type="SequencePoint" vc="0" uspid="67" ordinal="0" offset="0" sl="28" sc="9" el="28" ec="10" bec="0" bev="0" fileid="3" />
            </Method>
          </Methods>
        </Class>
        <Class>
          <Summary numSequencePoints="1" visitedSequencePoints="1" numBranchPoints="1" visitedBranchPoints="0" sequenceCoverage="100" branchCoverage="0" maxCyclomaticComplexity="1" minCyclomaticComplexity="1" visitedClasses="1" numClasses="1" visitedMethods="1" numMethods="1" minCrapScore="1" maxCrapScore="1" />
          <FullName>OOMertics.Helper.ProjectHandler/&lt;&gt;c</FullName>
          <Methods>
            <Method visited="true" cyclomaticComplexity="1" nPathComplexity="0" sequenceCoverage="100" branchCoverage="0" isConstructor="false" isStatic="false" isGetter="false" isSetter="false" crapScore="1">
              <Summary numSequencePoints="1" visitedSequencePoints="1" numBranchPoints="1" visitedBranchPoints="0" sequenceCoverage="100" branchCoverage="0" maxCyclomaticComplexity="1" minCyclomaticComplexity="1" visitedClasses="0" numClasses="0" visitedMethods="1" numMethods="1" minCrapScore="1" maxCrapScore="1" />
              <MetadataToken>100663328</MetadataToken>
              <Name>System.Boolean OOMertics.Helper.ProjectHandler/&lt;&gt;c::&lt;CreateFromProjectAsync&gt;b__4_0(Microsoft.CodeAnalysis.Document)</Name>
              <FileRef uid="3" />
              <SequencePoints>
                <SequencePoint vc="37" uspid="68" ordinal="0" offset="0" sl="21" sc="67" el="21" ec="90" bec="0" bev="0" fileid="3" />
              </SequencePoints>
              <BranchPoints />
              <MethodPoint xsi:type="SequencePoint" vc="37" uspid="68" ordinal="0" offset="0" sl="21" sc="67" el="21" ec="90" bec="0" bev="0" fileid="3" />
            </Method>
          </Methods>
        </Class>
        <Class>
          <Summary numSequencePoints="11" visitedSequencePoints="11" numBranchPoints="3" visitedBranchPoints="3" sequenceCoverage="100" branchCoverage="100" maxCyclomaticComplexity="8" minCyclomaticComplexity="1" visitedClasses="1" numClasses="1" visitedMethods="1" numMethods="1" minCrapScore="8" maxCrapScore="8" />
          <FullName>OOMertics.Helper.ProjectHandler/&lt;CreateFromProjectAsync&gt;d__4</FullName>
          <Methods>
            <Method visited="true" cyclomaticComplexity="8" nPathComplexity="2" sequenceCoverage="100" branchCoverage="100" isConstructor="false" isStatic="false" isGetter="false" isSetter="false" crapScore="8">
              <Summary numSequencePoints="11" visitedSequencePoints="11" numBranchPoints="3" visitedBranchPoints="3" sequenceCoverage="100" branchCoverage="100" maxCyclomaticComplexity="8" minCyclomaticComplexity="8" visitedClasses="0" numClasses="0" visitedMethods="1" numMethods="1" minCrapScore="8" maxCrapScore="8" />
              <MetadataToken>100663330</MetadataToken>
              <Name>System.Void OOMertics.Helper.ProjectHandler/&lt;CreateFromProjectAsync&gt;d__4::MoveNext()</Name>
              <FileRef uid="3" />
              <SequencePoints>
                <SequencePoint vc="8" uspid="79" ordinal="0" offset="14" sl="19" sc="9" el="19" ec="10" bec="0" bev="0" fileid="3" />
                <SequencePoint vc="8" uspid="78" ordinal="1" offset="15" sl="20" sc="13" el="20" ec="57" bec="0" bev="0" fileid="3" />
                <SequencePoint vc="8" uspid="77" ordinal="2" offset="26" sl="21" sc="13" el="21" ec="20" bec="0" bev="0" fileid="3" />
                <SequencePoint vc="8" uspid="76" ordinal="3" offset="27" sl="21" sc="38" el="21" ec="91" bec="0" bev="0" fileid="3" />
                <SequencePoint vc="37" uspid="75" ordinal="4" offset="98" sl="21" sc="22" el="21" ec="34" bec="0" bev="0" fileid="3" />
                <SequencePoint vc="37" uspid="74" ordinal="5" offset="115" sl="22" sc="13" el="22" ec="14" bec="0" bev="0" fileid="3" />
                <SequencePoint vc="37" uspid="73" ordinal="6" offset="116" sl="23" sc="17" el="23" ec="88" bec="0" bev="0" fileid="3" />
                <SequencePoint vc="37" uspid="72" ordinal="7" offset="266" sl="24" sc="13" el="24" ec="14" bec="0" bev="0" fileid="3" />
                <SequencePoint vc="45" uspid="71" ordinal="8" offset="274" sl="21" sc="35" el="21" ec="37" bec="2" bev="2" fileid="3" />
                <SequencePoint vc="8" uspid="70" ordinal="9" offset="324" sl="25" sc="13" el="25" ec="59" bec="0" bev="0" fileid="3" />
                <SequencePoint vc="8" uspid="69" ordinal="10" offset="377" sl="26" sc="9" el="26" ec="10" bec="0" bev="0" fileid="3" />
              </SequencePoints>
              <BranchPoints>
                <BranchPoint vc="8" uspid="12" ordinal="0" offset="285" sl="21" path="0" offsetend="290" fileid="3" />
                <BranchPoint vc="37" uspid="13" ordinal="1" offset="285" sl="21" path="1" offsetend="98" fileid="3" />
              </BranchPoints>
              <MethodPoint xsi:type="SequencePoint" vc="8" uspid="79" ordinal="0" offset="14" sl="19" sc="9" el="19" ec="10" bec="0" bev="0" fileid="3" />
            </Method>
            <Method visited="false" cyclomaticComplexity="1" nPathComplexity="0" sequenceCoverage="0" branchCoverage="0" isConstructor="false" isStatic="false" isGetter="false" isSetter="false" crapScore="2">
              <Summary numSequencePoints="0" visitedSequencePoints="0" numBranchPoints="0" visitedBranchPoints="0" sequenceCoverage="0" branchCoverage="0" maxCyclomaticComplexity="1" minCyclomaticComplexity="1" visitedClasses="0" numClasses="0" visitedMethods="0" numMethods="0" minCrapScore="2" maxCrapScore="2" />
              <MetadataToken>100663331</MetadataToken>
              <Name>System.Void OOMertics.Helper.ProjectHandler/&lt;CreateFromProjectAsync&gt;d__4::SetStateMachine(System.Runtime.CompilerServices.IAsyncStateMachine)</Name>
              <SequencePoints />
              <BranchPoints />
              <MethodPoint vc="0" uspid="100663331" ordinal="0" offset="0" />
            </Method>
          </Methods>
        </Class>
        <Class>
          <Summary numSequencePoints="8" visitedSequencePoints="8" numBranchPoints="4" visitedBranchPoints="3" sequenceCoverage="100" branchCoverage="75" maxCyclomaticComplexity="3" minCyclomaticComplexity="1" visitedClasses="1" numClasses="1" visitedMethods="2" numMethods="2" minCrapScore="1" maxCrapScore="3" />
          <FullName>OOMertics.Helper.SolutionHandler</FullName>
          <Methods>
            <Method visited="true" cyclomaticComplexity="1" nPathComplexity="0" sequenceCoverage="100" branchCoverage="0" isConstructor="true" isStatic="false" isGetter="false" isSetter="false" crapScore="1">
              <Summary numSequencePoints="5" visitedSequencePoints="5" numBranchPoints="1" visitedBranchPoints="0" sequenceCoverage="100" branchCoverage="0" maxCyclomaticComplexity="1" minCyclomaticComplexity="1" visitedClasses="0" numClasses="0" visitedMethods="1" numMethods="1" minCrapScore="1" maxCrapScore="1" />
              <MetadataToken>100663314</MetadataToken>
              <Name>System.Void OOMertics.Helper.SolutionHandler::.ctor(Microsoft.CodeAnalysis.Workspace,System.Collections.Generic.List`1&lt;OOMertics.Helper.ProjectHandler&gt;)</Name>
              <FileRef uid="4" />
              <SequencePoints>
                <SequencePoint vc="3" uspid="84" ordinal="0" offset="0" sl="12" sc="9" el="12" ec="84" bec="0" bev="0" fileid="4" />
                <SequencePoint vc="3" uspid="83" ordinal="1" offset="7" sl="13" sc="9" el="13" ec="10" bec="0" bev="0" fileid="4" />
                <SequencePoint vc="3" uspid="82" ordinal="2" offset="8" sl="14" sc="13" el="14" ec="35" bec="0" bev="0" fileid="4" />
                <SequencePoint vc="3" uspid="81" ordinal="3" offset="15" sl="15" sc="13" el="15" ec="33" bec="0" bev="0" fileid="4" />
                <SequencePoint vc="3" uspid="80" ordinal="4" offset="22" sl="16" sc="9" el="16" ec="10" bec="0" bev="0" fileid="4" />
              </SequencePoints>
              <BranchPoints />
              <MethodPoint xsi:type="SequencePoint" vc="3" uspid="84" ordinal="0" offset="0" sl="12" sc="9" el="12" ec="84" bec="0" bev="0" fileid="4" />
            </Method>
            <Method visited="true" cyclomaticComplexity="1" nPathComplexity="0" sequenceCoverage="0" branchCoverage="0" isConstructor="false" isStatic="true" isGetter="false" isSetter="false" crapScore="1">
              <Summary numSequencePoints="0" visitedSequencePoints="0" numBranchPoints="0" visitedBranchPoints="0" sequenceCoverage="0" branchCoverage="0" maxCyclomaticComplexity="1" minCyclomaticComplexity="1" visitedClasses="0" numClasses="0" visitedMethods="0" numMethods="0" minCrapScore="1" maxCrapScore="1" />
              <MetadataToken>100663315</MetadataToken>
              <Name>System.Threading.Tasks.Task`1&lt;OOMertics.Helper.SolutionHandler&gt; OOMertics.Helper.SolutionHandler::OpenAsync(System.String,System.String)</Name>
              <SequencePoints />
              <BranchPoints />
              <MethodPoint vc="3" uspid="100663315" ordinal="0" offset="0" />
            </Method>
            <Method visited="true" cyclomaticComplexity="3" nPathComplexity="2" sequenceCoverage="100" branchCoverage="100" isConstructor="false" isStatic="true" isGetter="false" isSetter="false" crapScore="3">
              <Summary numSequencePoints="3" visitedSequencePoints="3" numBranchPoints="3" visitedBranchPoints="3" sequenceCoverage="100" branchCoverage="100" maxCyclomaticComplexity="3" minCyclomaticComplexity="3" visitedClasses="0" numClasses="0" visitedMethods="1" numMethods="1" minCrapScore="3" maxCrapScore="3" />
              <MetadataToken>100663316</MetadataToken>
              <Name>System.Collections.Generic.List`1&lt;OOMertics.Helper.ProjectHandler&gt; OOMertics.Helper.SolutionHandler::GetSolutionProjectsAsync(Microsoft.CodeAnalysis.Workspace)</Name>
              <FileRef uid="4" />
              <SequencePoints>
                <SequencePoint vc="3" uspid="87" ordinal="0" offset="0" sl="30" sc="9" el="30" ec="10" bec="0" bev="0" fileid="4" />
                <SequencePoint vc="3" uspid="86" ordinal="1" offset="1" sl="31" sc="13" el="31" ec="166" bec="2" bev="2" fileid="4" />
                <SequencePoint vc="3" uspid="85" ordinal="2" offset="92" sl="32" sc="9" el="32" ec="10" bec="0" bev="0" fileid="4" />
              </SequencePoints>
              <BranchPoints>
                <BranchPoint vc="1" uspid="14" ordinal="0" offset="54" sl="31" path="0" offsetchain="56" offsetend="92" fileid="4" />
                <BranchPoint vc="2" uspid="15" ordinal="1" offset="54" sl="31" path="1" offsetchain="79" offsetend="92" fileid="4" />
              </BranchPoints>
              <MethodPoint xsi:type="SequencePoint" vc="3" uspid="87" ordinal="0" offset="0" sl="30" sc="9" el="30" ec="10" bec="0" bev="0" fileid="4" />
            </Method>
          </Methods>
        </Class>
        <Class>
          <Summary numSequencePoints="1" visitedSequencePoints="1" numBranchPoints="1" visitedBranchPoints="0" sequenceCoverage="100" branchCoverage="0" maxCyclomaticComplexity="1" minCyclomaticComplexity="1" visitedClasses="1" numClasses="1" visitedMethods="1" numMethods="1" minCrapScore="1" maxCrapScore="1" />
          <FullName>OOMertics.Helper.SolutionHandler/&lt;&gt;c</FullName>
          <Methods>
            <Method visited="true" cyclomaticComplexity="1" nPathComplexity="0" sequenceCoverage="0" branchCoverage="0" isConstructor="false" isStatic="false" isGetter="false" isSetter="false" crapScore="1">
              <Summary numSequencePoints="0" visitedSequencePoints="0" numBranchPoints="0" visitedBranchPoints="0" sequenceCoverage="0" branchCoverage="0" maxCyclomaticComplexity="1" minCyclomaticComplexity="1" visitedClasses="0" numClasses="0" visitedMethods="0" numMethods="0" minCrapScore="1" maxCrapScore="1" />
              <MetadataToken>100663334</MetadataToken>
              <Name>System.Threading.Tasks.Task`1&lt;OOMertics.Helper.ProjectHandler&gt; OOMertics.Helper.SolutionHandler/&lt;&gt;c::&lt;GetSolutionProjectsAsync&gt;b__4_0(Microsoft.CodeAnalysis.Project)</Name>
              <SequencePoints />
              <BranchPoints />
              <MethodPoint vc="8" uspid="100663334" ordinal="0" offset="0" />
            </Method>
            <Method visited="true" cyclomaticComplexity="1" nPathComplexity="0" sequenceCoverage="100" branchCoverage="0" isConstructor="false" isStatic="false" isGetter="false" isSetter="false" crapScore="1">
              <Summary numSequencePoints="1" visitedSequencePoints="1" numBranchPoints="1" visitedBranchPoints="0" sequenceCoverage="100" branchCoverage="0" maxCyclomaticComplexity="1" minCyclomaticComplexity="1" visitedClasses="0" numClasses="0" visitedMethods="1" numMethods="1" minCrapScore="1" maxCrapScore="1" />
              <MetadataToken>100663335</MetadataToken>
              <Name>OOMertics.Helper.ProjectHandler OOMertics.Helper.SolutionHandler/&lt;&gt;c::&lt;GetSolutionProjectsAsync&gt;b__4_1(System.Threading.Tasks.Task`1&lt;OOMertics.Helper.ProjectHandler&gt;)</Name>
              <FileRef uid="4" />
              <SequencePoints>
                <SequencePoint vc="8" uspid="88" ordinal="0" offset="0" sl="31" sc="147" el="31" ec="155" bec="0" bev="0" fileid="4" />
              </SequencePoints>
              <BranchPoints />
              <MethodPoint xsi:type="SequencePoint" vc="8" uspid="88" ordinal="0" offset="0" sl="31" sc="147" el="31" ec="155" bec="0" bev="0" fileid="4" />
            </Method>
          </Methods>
        </Class>
        <Class>
          <Summary numSequencePoints="1" visitedSequencePoints="1" numBranchPoints="1" visitedBranchPoints="0" sequenceCoverage="100" branchCoverage="0" maxCyclomaticComplexity="3" minCyclomaticComplexity="1" visitedClasses="1" numClasses="1" visitedMethods="1" numMethods="1" minCrapScore="3" maxCrapScore="3" />
          <FullName>OOMertics.Helper.SolutionHandler/&lt;&gt;c/&lt;&lt;GetSolutionProjectsAsync&gt;b__4_0&gt;d</FullName>
          <Methods>
            <Method visited="true" cyclomaticComplexity="1" nPathComplexity="0" sequenceCoverage="0" branchCoverage="0" isConstructor="true" isStatic="false" isGetter="false" isSetter="false" crapScore="1">
              <Summary numSequencePoints="0" visitedSequencePoints="0" numBranchPoints="0" visitedBranchPoints="0" sequenceCoverage="0" branchCoverage="0" maxCyclomaticComplexity="1" minCyclomaticComplexity="1" visitedClasses="0" numClasses="0" visitedMethods="0" numMethods="0" minCrapScore="1" maxCrapScore="1" />
              <MetadataToken>100663339</MetadataToken>
              <Name>System.Void OOMertics.Helper.SolutionHandler/&lt;&gt;c/&lt;&lt;GetSolutionProjectsAsync&gt;b__4_0&gt;d::.ctor()</Name>
              <SequencePoints />
              <BranchPoints />
              <MethodPoint vc="8" uspid="100663339" ordinal="0" offset="0" />
            </Method>
            <Method visited="true" cyclomaticComplexity="3" nPathComplexity="0" sequenceCoverage="100" branchCoverage="0" isConstructor="false" isStatic="false" isGetter="false" isSetter="false" crapScore="3">
              <Summary numSequencePoints="1" visitedSequencePoints="1" numBranchPoints="1" visitedBranchPoints="0" sequenceCoverage="100" branchCoverage="0" maxCyclomaticComplexity="3" minCyclomaticComplexity="3" visitedClasses="0" numClasses="0" visitedMethods="1" numMethods="1" minCrapScore="3" maxCrapScore="3" />
              <MetadataToken>100663340</MetadataToken>
              <Name>System.Void OOMertics.Helper.SolutionHandler/&lt;&gt;c/&lt;&lt;GetSolutionProjectsAsync&gt;b__4_0&gt;d::MoveNext()</Name>
              <FileRef uid="4" />
              <SequencePoints>
                <SequencePoint vc="8" uspid="89" ordinal="0" offset="14" sl="31" sc="81" el="31" ec="133" bec="0" bev="0" fileid="4" />
              </SequencePoints>
              <BranchPoints />
              <MethodPoint xsi:type="SequencePoint" vc="8" uspid="89" ordinal="0" offset="14" sl="31" sc="81" el="31" ec="133" bec="0" bev="0" fileid="4" />
            </Method>
            <Method visited="false" cyclomaticComplexity="1" nPathComplexity="0" sequenceCoverage="0" branchCoverage="0" isConstructor="false" isStatic="false" isGetter="false" isSetter="false" crapScore="2">
              <Summary numSequencePoints="0" visitedSequencePoints="0" numBranchPoints="0" visitedBranchPoints="0" sequenceCoverage="0" branchCoverage="0" maxCyclomaticComplexity="1" minCyclomaticComplexity="1" visitedClasses="0" numClasses="0" visitedMethods="0" numMethods="0" minCrapScore="2" maxCrapScore="2" />
              <MetadataToken>100663341</MetadataToken>
              <Name>System.Void OOMertics.Helper.SolutionHandler/&lt;&gt;c/&lt;&lt;GetSolutionProjectsAsync&gt;b__4_0&gt;d::SetStateMachine(System.Runtime.CompilerServices.IAsyncStateMachine)</Name>
              <SequencePoints />
              <BranchPoints />
              <MethodPoint vc="0" uspid="100663341" ordinal="0" offset="0" />
            </Method>
          </Methods>
        </Class>
        <Class>
          <Summary numSequencePoints="10" visitedSequencePoints="10" numBranchPoints="3" visitedBranchPoints="3" sequenceCoverage="100" branchCoverage="100" maxCyclomaticComplexity="4" minCyclomaticComplexity="1" visitedClasses="1" numClasses="1" visitedMethods="1" numMethods="1" minCrapScore="4" maxCrapScore="4" />
          <FullName>OOMertics.Helper.SolutionHandler/&lt;OpenAsync&gt;d__3</FullName>
          <Methods>
            <Method visited="true" cyclomaticComplexity="4" nPathComplexity="2" sequenceCoverage="100" branchCoverage="100" isConstructor="false" isStatic="false" isGetter="false" isSetter="false" crapScore="4">
              <Summary numSequencePoints="10" visitedSequencePoints="10" numBranchPoints="3" visitedBranchPoints="3" sequenceCoverage="100" branchCoverage="100" maxCyclomaticComplexity="4" minCyclomaticComplexity="4" visitedClasses="0" numClasses="0" visitedMethods="1" numMethods="1" minCrapScore="4" maxCrapScore="4" />
              <MetadataToken>100663337</MetadataToken>
              <Name>System.Void OOMertics.Helper.SolutionHandler/&lt;OpenAsync&gt;d__3::MoveNext()</Name>
              <FileRef uid="4" />
              <SequencePoints>
                <SequencePoint vc="3" uspid="99" ordinal="0" offset="17" sl="18" sc="9" el="18" ec="10" bec="0" bev="0" fileid="4" />
                <SequencePoint vc="3" uspid="98" ordinal="1" offset="18" sl="19" sc="13" el="19" ec="122" bec="0" bev="0" fileid="4" />
                <SequencePoint vc="3" uspid="97" ordinal="2" offset="57" sl="20" sc="13" el="20" ec="46" bec="2" bev="2" fileid="4" />
                <SequencePoint vc="1" uspid="96" ordinal="3" offset="69" sl="21" sc="13" el="21" ec="14" bec="0" bev="0" fileid="4" />
                <SequencePoint vc="1" uspid="95" ordinal="4" offset="70" sl="22" sc="17" el="22" ec="51" bec="0" bev="0" fileid="4" />
                <SequencePoint vc="1" uspid="94" ordinal="5" offset="76" sl="23" sc="13" el="23" ec="14" bec="0" bev="0" fileid="4" />
                <SequencePoint vc="3" uspid="93" ordinal="6" offset="77" sl="24" sc="13" el="24" ec="55" bec="0" bev="0" fileid="4" />
                <SequencePoint vc="3" uspid="92" ordinal="7" offset="88" sl="25" sc="13" el="25" ec="65" bec="0" bev="0" fileid="4" />
                <SequencePoint vc="3" uspid="91" ordinal="8" offset="207" sl="26" sc="13" el="26" ec="88" bec="0" bev="0" fileid="4" />
                <SequencePoint vc="3" uspid="90" ordinal="9" offset="272" sl="27" sc="9" el="27" ec="10" bec="0" bev="0" fileid="4" />
              </SequencePoints>
              <BranchPoints>
                <BranchPoint vc="1" uspid="16" ordinal="0" offset="67" sl="20" path="0" offsetend="69" fileid="4" />
                <BranchPoint vc="2" uspid="17" ordinal="1" offset="67" sl="20" path="1" offsetend="77" fileid="4" />
              </BranchPoints>
              <MethodPoint xsi:type="SequencePoint" vc="3" uspid="99" ordinal="0" offset="17" sl="18" sc="9" el="18" ec="10" bec="0" bev="0" fileid="4" />
            </Method>
            <Method visited="false" cyclomaticComplexity="1" nPathComplexity="0" sequenceCoverage="0" branchCoverage="0" isConstructor="false" isStatic="false" isGetter="false" isSetter="false" crapScore="2">
              <Summary numSequencePoints="0" visitedSequencePoints="0" numBranchPoints="0" visitedBranchPoints="0" sequenceCoverage="0" branchCoverage="0" maxCyclomaticComplexity="1" minCyclomaticComplexity="1" visitedClasses="0" numClasses="0" visitedMethods="0" numMethods="0" minCrapScore="2" maxCrapScore="2" />
              <MetadataToken>100663338</MetadataToken>
              <Name>System.Void OOMertics.Helper.SolutionHandler/&lt;OpenAsync&gt;d__3::SetStateMachine(System.Runtime.CompilerServices.IAsyncStateMachine)</Name>
              <SequencePoints />
              <BranchPoints />
              <MethodPoint vc="0" uspid="100663338" ordinal="0" offset="0" />
            </Method>
          </Methods>
        </Class>
      </Classes>
    </Module>
    <Module skippedDueTo="Filter" hash="5E-22-F3-3B-F7-DF-A5-04-7F-C9-F6-61-CF-7A-E0-69-83-2B-F0-06">
      <ModulePath>E:\Poligon\github\OOMetrics\Helper\OOMertics.Helper.Tests\bin\Debug\net6.0\Humanizer.dll</ModulePath>
      <ModuleTime>2017-05-04T23:33:58Z</ModuleTime>
      <ModuleName>Humanizer</ModuleName>
      <Classes />
    </Module>
    <Module skippedDueTo="Filter" hash="8A-F8-BA-E8-65-3C-61-A9-72-52-72-80-E9-9D-4F-41-BB-41-AB-E2">
      <ModulePath>E:\Poligon\github\OOMetrics\Helper\OOMertics.Helper.Tests\bin\Debug\net6.0\AltCover.Monitor.dll</ModulePath>
      <ModuleTime>2022-06-30T11:46:22Z</ModuleTime>
      <ModuleName>AltCover.Monitor</ModuleName>
      <Classes />
    </Module>
    <Module skippedDueTo="Filter" hash="C5-28-40-F8-84-8C-91-E4-1D-63-79-0D-F0-A1-FC-5E-7A-E5-DA-F5">
      <ModulePath>E:\Poligon\github\OOMetrics\Helper\OOMertics.Helper.Tests\bin\Debug\net6.0\xunit.runner.visualstudio.dotnetcore.testadapter.dll</ModulePath>
      <ModuleTime>2020-08-03T13:58:40Z</ModuleTime>
      <ModuleName>xunit.runner.visualstudio.dotnetcore.testadapter</ModuleName>
      <Classes />
    </Module>
    <Module skippedDueTo="Filter" hash="EB-81-D7-61-99-2A-B6-33-58-4C-F7-EC-D8-F7-84-37-43-D1-B1-36">
      <ModulePath>E:\Poligon\github\OOMetrics\Helper\OOMertics.Helper.Tests\bin\Debug\net6.0\xunit.runner.reporters.netcoreapp10.dll</ModulePath>
      <ModuleTime>2018-10-29T04:17:08Z</ModuleTime>
      <ModuleName>xunit.runner.reporters.netcoreapp10</ModuleName>
      <Classes />
    </Module>
    <Module skippedDueTo="Filter" hash="E3-6E-00-D8-65-B5-77-8F-A6-87-2B-7E-91-AA-43-C2-F5-06-E3-D2">
      <ModulePath>E:\Poligon\github\OOMetrics\Helper\OOMertics.Helper.Tests\bin\Debug\net6.0\xunit.execution.dotnet.dll</ModulePath>
      <ModuleTime>2018-10-29T04:17:00Z</ModuleTime>
      <ModuleName>xunit.execution.dotnet</ModuleName>
      <Classes />
    </Module>
    <Module skippedDueTo="Filter" hash="FB-F9-6C-87-1A-C6-3D-C0-8C-2F-5D-B3-2A-E3-76-53-70-60-74-3B">
      <ModulePath>E:\Poligon\github\OOMetrics\Helper\OOMertics.Helper.Tests\bin\Debug\net6.0\OOMertics.Helper.Tests.dll</ModulePath>
      <ModuleTime>2022-08-07T18:12:51.1047282Z</ModuleTime>
      <ModuleName>OOMertics.Helper.Tests</ModuleName>
      <Classes />
    </Module>
  </Modules>
</CoverageSession>